Fri Aug 09 2019 12:17:49 GMT+0530 (India Standard Time) - info: Recieved categories {{In service}}
Fri Aug 09 2019 12:17:49 GMT+0530 (India Standard Time) - info: Category received from {{In controller}}
Fri Aug 09 2019 12:17:53 GMT+0530 (India Standard Time) - info: All items by category fetched {{In DAO}}
Fri Aug 09 2019 12:17:53 GMT+0530 (India Standard Time) - info: Got Item by category{{In service}}
Fri Aug 09 2019 12:17:53 GMT+0530 (India Standard Time) - info: Items by Category fetched {{In controller}}
Fri Aug 09 2019 12:19:38 GMT+0530 (India Standard Time) - info: Recieved categories {{In service}}
Fri Aug 09 2019 12:19:38 GMT+0530 (India Standard Time) - info: Category received from {{In controller}}
Fri Aug 09 2019 12:19:39 GMT+0530 (India Standard Time) - info: All items by category fetched {{In DAO}}
Fri Aug 09 2019 12:19:39 GMT+0530 (India Standard Time) - info: Got Item by category{{In service}}
Fri Aug 09 2019 12:19:39 GMT+0530 (India Standard Time) - info: Items by Category fetched {{In controller}}
Fri Aug 09 2019 12:19:44 GMT+0530 (India Standard Time) - info: Recieved categories {{In service}}
Fri Aug 09 2019 12:19:44 GMT+0530 (India Standard Time) - info: Category received from {{In controller}}
Fri Aug 09 2019 12:19:44 GMT+0530 (India Standard Time) - info: All items by category fetched {{In DAO}}
Fri Aug 09 2019 12:19:44 GMT+0530 (India Standard Time) - info: Got Item by category{{In service}}
Fri Aug 09 2019 12:19:44 GMT+0530 (India Standard Time) - info: Items by Category fetched {{In controller}}
Fri Aug 09 2019 12:20:30 GMT+0530 (India Standard Time) - info: Recieved categories {{In service}}
Fri Aug 09 2019 12:20:30 GMT+0530 (India Standard Time) - info: Category received from {{In controller}}
Fri Aug 09 2019 12:20:30 GMT+0530 (India Standard Time) - info: All items by category fetched {{In DAO}}
Fri Aug 09 2019 12:20:30 GMT+0530 (India Standard Time) - info: Got Item by category{{In service}}
Fri Aug 09 2019 12:20:30 GMT+0530 (India Standard Time) - info: Items by Category fetched {{In controller}}
Fri Aug 09 2019 12:20:57 GMT+0530 (India Standard Time) - info: Recieved categories {{In service}}
Fri Aug 09 2019 12:20:57 GMT+0530 (India Standard Time) - info: Category received from {{In controller}}
Fri Aug 09 2019 12:20:57 GMT+0530 (India Standard Time) - info: All items by category fetched {{In DAO}}
Fri Aug 09 2019 12:20:57 GMT+0530 (India Standard Time) - info: Got Item by category{{In service}}
Fri Aug 09 2019 12:20:57 GMT+0530 (India Standard Time) - info: Items by Category fetched {{In controller}}
Fri Aug 09 2019 12:21:05 GMT+0530 (India Standard Time) - info: Recieved categories {{In service}}
Fri Aug 09 2019 12:21:05 GMT+0530 (India Standard Time) - info: Category received from {{In controller}}
Fri Aug 09 2019 12:21:05 GMT+0530 (India Standard Time) - info: All items by category fetched {{In DAO}}
Fri Aug 09 2019 12:21:05 GMT+0530 (India Standard Time) - info: Got Item by category{{In service}}
Fri Aug 09 2019 12:21:05 GMT+0530 (India Standard Time) - info: Items by Category fetched {{In controller}}
Fri Aug 09 2019 12:21:53 GMT+0530 (India Standard Time) - info: Recieved categories {{In service}}
Fri Aug 09 2019 12:21:53 GMT+0530 (India Standard Time) - info: Category received from {{In controller}}
Fri Aug 09 2019 12:21:53 GMT+0530 (India Standard Time) - info: All items by category fetched {{In DAO}}
Fri Aug 09 2019 12:21:53 GMT+0530 (India Standard Time) - info: Got Item by category{{In service}}
Fri Aug 09 2019 12:21:53 GMT+0530 (India Standard Time) - info: Items by Category fetched {{In controller}}
Fri Aug 09 2019 12:22:15 GMT+0530 (India Standard Time) - info: Recieved categories {{In service}}
Fri Aug 09 2019 12:22:15 GMT+0530 (India Standard Time) - info: Category received from {{In controller}}
Fri Aug 09 2019 12:22:16 GMT+0530 (India Standard Time) - info: All items by category fetched {{In DAO}}
Fri Aug 09 2019 12:22:16 GMT+0530 (India Standard Time) - info: Got Item by category{{In service}}
Fri Aug 09 2019 12:22:16 GMT+0530 (India Standard Time) - info: Items by Category fetched {{In controller}}
Fri Aug 09 2019 12:22:45 GMT+0530 (India Standard Time) - info: Recieved categories {{In service}}
Fri Aug 09 2019 12:22:45 GMT+0530 (India Standard Time) - info: Category received from {{In controller}}
Fri Aug 09 2019 12:22:45 GMT+0530 (India Standard Time) - info: All items by category fetched {{In DAO}}
Fri Aug 09 2019 12:22:45 GMT+0530 (India Standard Time) - info: Got Item by category{{In service}}
Fri Aug 09 2019 12:22:45 GMT+0530 (India Standard Time) - info: Items by Category fetched {{In controller}}
Fri Aug 09 2019 12:23:09 GMT+0530 (India Standard Time) - info: Recieved categories {{In service}}
Fri Aug 09 2019 12:23:09 GMT+0530 (India Standard Time) - info: Category received from {{In controller}}
Fri Aug 09 2019 12:23:10 GMT+0530 (India Standard Time) - info: All items by category fetched {{In DAO}}
Fri Aug 09 2019 12:23:10 GMT+0530 (India Standard Time) - info: Got Item by category{{In service}}
Fri Aug 09 2019 12:23:10 GMT+0530 (India Standard Time) - info: Items by Category fetched {{In controller}}
