Wed Jul 24 2019 16:32:09 GMT+0530 (India Standard Time) - info: Recieved categories {{In service}}
Wed Jul 24 2019 16:32:09 GMT+0530 (India Standard Time) - info: Category received from {{In controller}}
Wed Jul 24 2019 16:32:09 GMT+0530 (India Standard Time) - info: Item fetched {{In service}}
Wed Jul 24 2019 16:32:09 GMT+0530 (India Standard Time) - info: Item fetched {{In controller}}
Wed Jul 24 2019 16:32:42 GMT+0530 (India Standard Time) - info: Item fetched {{In service}}
Wed Jul 24 2019 16:32:42 GMT+0530 (India Standard Time) - info: Item fetched {{In controller}}
Wed Jul 24 2019 16:33:07 GMT+0530 (India Standard Time) - info: Recieved categories {{In service}}
Wed Jul 24 2019 16:33:07 GMT+0530 (India Standard Time) - info: Category received from {{In controller}}
Wed Jul 24 2019 16:33:07 GMT+0530 (India Standard Time) - info: Item fetched {{In service}}
Wed Jul 24 2019 16:33:07 GMT+0530 (India Standard Time) - info: Item fetched {{In controller}}
Wed Jul 24 2019 16:33:12 GMT+0530 (India Standard Time) - info: Recieved categories {{In service}}
Wed Jul 24 2019 16:33:12 GMT+0530 (India Standard Time) - info: Category received from {{In controller}}
Wed Jul 24 2019 16:33:13 GMT+0530 (India Standard Time) - info: Item fetched {{In service}}
Wed Jul 24 2019 16:33:13 GMT+0530 (India Standard Time) - info: Item fetched {{In controller}}
Wed Jul 24 2019 16:34:15 GMT+0530 (India Standard Time) - info: Recieved categories {{In service}}
Wed Jul 24 2019 16:34:15 GMT+0530 (India Standard Time) - info: Category received from {{In controller}}
Wed Jul 24 2019 16:34:15 GMT+0530 (India Standard Time) - info: Item fetched {{In service}}
Wed Jul 24 2019 16:34:15 GMT+0530 (India Standard Time) - info: Item fetched {{In controller}}
Wed Jul 24 2019 16:34:50 GMT+0530 (India Standard Time) - info: Recieved categories {{In service}}
Wed Jul 24 2019 16:34:50 GMT+0530 (India Standard Time) - info: Category received from {{In controller}}
Wed Jul 24 2019 16:34:50 GMT+0530 (India Standard Time) - info: Item fetched {{In service}}
Wed Jul 24 2019 16:34:50 GMT+0530 (India Standard Time) - info: Item fetched {{In controller}}
Wed Jul 24 2019 16:37:28 GMT+0530 (India Standard Time) - info: Recieved categories {{In service}}
Wed Jul 24 2019 16:37:28 GMT+0530 (India Standard Time) - info: Category received from {{In controller}}
Wed Jul 24 2019 16:37:29 GMT+0530 (India Standard Time) - info: Item fetched {{In service}}
Wed Jul 24 2019 16:37:29 GMT+0530 (India Standard Time) - info: Item fetched {{In controller}}
Wed Jul 24 2019 16:37:32 GMT+0530 (India Standard Time) - info: Recieved categories {{In service}}
Wed Jul 24 2019 16:37:32 GMT+0530 (India Standard Time) - info: Category received from {{In controller}}
Wed Jul 24 2019 16:37:33 GMT+0530 (India Standard Time) - info: Item fetched {{In service}}
Wed Jul 24 2019 16:37:33 GMT+0530 (India Standard Time) - info: Item fetched {{In controller}}
Wed Jul 24 2019 16:38:39 GMT+0530 (India Standard Time) - info: Recieved categories {{In service}}
Wed Jul 24 2019 16:38:39 GMT+0530 (India Standard Time) - info: Category received from {{In controller}}
Wed Jul 24 2019 16:38:40 GMT+0530 (India Standard Time) - info: Item fetched {{In service}}
Wed Jul 24 2019 16:38:40 GMT+0530 (India Standard Time) - info: Item fetched {{In controller}}
Wed Jul 24 2019 16:38:53 GMT+0530 (India Standard Time) - info: Recieved categories {{In service}}
Wed Jul 24 2019 16:38:53 GMT+0530 (India Standard Time) - info: Category received from {{In controller}}
Wed Jul 24 2019 16:38:53 GMT+0530 (India Standard Time) - info: Item fetched {{In service}}
Wed Jul 24 2019 16:38:53 GMT+0530 (India Standard Time) - info: Item fetched {{In controller}}
Wed Jul 24 2019 16:39:10 GMT+0530 (India Standard Time) - info: Recieved categories {{In service}}
Wed Jul 24 2019 16:39:10 GMT+0530 (India Standard Time) - info: Category received from {{In controller}}
Wed Jul 24 2019 16:39:11 GMT+0530 (India Standard Time) - info: Item fetched {{In service}}
Wed Jul 24 2019 16:39:11 GMT+0530 (India Standard Time) - info: Item fetched {{In controller}}
Wed Jul 24 2019 16:39:25 GMT+0530 (India Standard Time) - info: Recieved categories {{In service}}
Wed Jul 24 2019 16:39:25 GMT+0530 (India Standard Time) - info: Category received from {{In controller}}
Wed Jul 24 2019 16:39:25 GMT+0530 (India Standard Time) - info: Item fetched {{In service}}
Wed Jul 24 2019 16:39:25 GMT+0530 (India Standard Time) - info: Item fetched {{In controller}}
Wed Jul 24 2019 16:39:26 GMT+0530 (India Standard Time) - info: Recieved categories {{In service}}
Wed Jul 24 2019 16:39:26 GMT+0530 (India Standard Time) - info: Category received from {{In controller}}
Wed Jul 24 2019 16:39:27 GMT+0530 (India Standard Time) - info: Item fetched {{In service}}
Wed Jul 24 2019 16:39:27 GMT+0530 (India Standard Time) - info: Item fetched {{In controller}}
Wed Jul 24 2019 16:40:57 GMT+0530 (India Standard Time) - info: Recieved categories {{In service}}
Wed Jul 24 2019 16:40:57 GMT+0530 (India Standard Time) - info: Category received from {{In controller}}
Wed Jul 24 2019 16:40:58 GMT+0530 (India Standard Time) - info: Item fetched {{In service}}
Wed Jul 24 2019 16:40:58 GMT+0530 (India Standard Time) - info: Item fetched {{In controller}}
Wed Jul 24 2019 16:41:15 GMT+0530 (India Standard Time) - info: Recieved categories {{In service}}
Wed Jul 24 2019 16:41:15 GMT+0530 (India Standard Time) - info: Category received from {{In controller}}
Wed Jul 24 2019 16:41:15 GMT+0530 (India Standard Time) - info: Item fetched {{In service}}
Wed Jul 24 2019 16:41:15 GMT+0530 (India Standard Time) - info: Item fetched {{In controller}}
Wed Jul 24 2019 16:41:43 GMT+0530 (India Standard Time) - info: Recieved categories {{In service}}
Wed Jul 24 2019 16:41:43 GMT+0530 (India Standard Time) - info: Category received from {{In controller}}
Wed Jul 24 2019 16:41:43 GMT+0530 (India Standard Time) - info: Item fetched {{In service}}
Wed Jul 24 2019 16:41:43 GMT+0530 (India Standard Time) - info: Item fetched {{In controller}}
Wed Jul 24 2019 16:41:46 GMT+0530 (India Standard Time) - info: All cart items fetched {{In DAO}}
Wed Jul 24 2019 16:41:46 GMT+0530 (India Standard Time) - info: Got Cart Items {{In service}}
Wed Jul 24 2019 16:41:46 GMT+0530 (India Standard Time) - info: Fetched Cart Items {{In controller}}
Wed Jul 24 2019 16:42:25 GMT+0530 (India Standard Time) - info: Recieved categories {{In service}}
Wed Jul 24 2019 16:42:25 GMT+0530 (India Standard Time) - info: Category received from {{In controller}}
Wed Jul 24 2019 16:42:25 GMT+0530 (India Standard Time) - info: All cart items fetched {{In DAO}}
Wed Jul 24 2019 16:42:25 GMT+0530 (India Standard Time) - info: Got Cart Items {{In service}}
Wed Jul 24 2019 16:42:25 GMT+0530 (India Standard Time) - info: Fetched Cart Items {{In controller}}
Wed Jul 24 2019 16:42:46 GMT+0530 (India Standard Time) - info: Recieved categories {{In service}}
Wed Jul 24 2019 16:42:46 GMT+0530 (India Standard Time) - info: Category received from {{In controller}}
Wed Jul 24 2019 16:42:46 GMT+0530 (India Standard Time) - info: All cart items fetched {{In DAO}}
Wed Jul 24 2019 16:42:46 GMT+0530 (India Standard Time) - info: Got Cart Items {{In service}}
Wed Jul 24 2019 16:42:46 GMT+0530 (India Standard Time) - info: Fetched Cart Items {{In controller}}
Wed Jul 24 2019 17:03:59 GMT+0530 (India Standard Time) - info: Recieved categories {{In service}}
Wed Jul 24 2019 17:03:59 GMT+0530 (India Standard Time) - info: Category received from {{In controller}}
Wed Jul 24 2019 17:03:59 GMT+0530 (India Standard Time) - info: All cart items fetched {{In DAO}}
Wed Jul 24 2019 17:03:59 GMT+0530 (India Standard Time) - info: Got Cart Items {{In service}}
Wed Jul 24 2019 17:03:59 GMT+0530 (India Standard Time) - info: Fetched Cart Items {{In controller}}
Wed Jul 24 2019 17:04:42 GMT+0530 (India Standard Time) - info: Recieved categories {{In service}}
Wed Jul 24 2019 17:04:42 GMT+0530 (India Standard Time) - info: Category received from {{In controller}}
Wed Jul 24 2019 17:04:42 GMT+0530 (India Standard Time) - info: All cart items fetched {{In DAO}}
Wed Jul 24 2019 17:04:42 GMT+0530 (India Standard Time) - info: Got Cart Items {{In service}}
Wed Jul 24 2019 17:04:42 GMT+0530 (India Standard Time) - info: Fetched Cart Items {{In controller}}
Wed Jul 24 2019 17:34:03 GMT+0530 (India Standard Time) - info: Recieved categories {{In service}}
Wed Jul 24 2019 17:34:03 GMT+0530 (India Standard Time) - info: Category received from {{In controller}}
Wed Jul 24 2019 17:34:04 GMT+0530 (India Standard Time) - info: All cart items fetched {{In DAO}}
Wed Jul 24 2019 17:34:04 GMT+0530 (India Standard Time) - info: Got Cart Items {{In service}}
Wed Jul 24 2019 17:34:04 GMT+0530 (India Standard Time) - info: Fetched Cart Items {{In controller}}
Wed Jul 24 2019 17:34:27 GMT+0530 (India Standard Time) - info: Recieved categories {{In service}}
Wed Jul 24 2019 17:34:27 GMT+0530 (India Standard Time) - info: Category received from {{In controller}}
Wed Jul 24 2019 17:34:28 GMT+0530 (India Standard Time) - info: All cart items fetched {{In DAO}}
Wed Jul 24 2019 17:34:28 GMT+0530 (India Standard Time) - info: Got Cart Items {{In service}}
Wed Jul 24 2019 17:34:28 GMT+0530 (India Standard Time) - info: Fetched Cart Items {{In controller}}
Wed Jul 24 2019 17:34:35 GMT+0530 (India Standard Time) - info: Recieved categories {{In service}}
Wed Jul 24 2019 17:34:35 GMT+0530 (India Standard Time) - info: Category received from {{In controller}}
Wed Jul 24 2019 17:34:36 GMT+0530 (India Standard Time) - info: All cart items fetched {{In DAO}}
Wed Jul 24 2019 17:34:36 GMT+0530 (India Standard Time) - info: Got Cart Items {{In service}}
Wed Jul 24 2019 17:34:36 GMT+0530 (India Standard Time) - info: Fetched Cart Items {{In controller}}
Wed Jul 24 2019 17:34:41 GMT+0530 (India Standard Time) - info: Recieved categories {{In service}}
Wed Jul 24 2019 17:34:41 GMT+0530 (India Standard Time) - info: Category received from {{In controller}}
Wed Jul 24 2019 17:34:42 GMT+0530 (India Standard Time) - info: All cart items fetched {{In DAO}}
Wed Jul 24 2019 17:34:42 GMT+0530 (India Standard Time) - info: Got Cart Items {{In service}}
Wed Jul 24 2019 17:34:42 GMT+0530 (India Standard Time) - info: Fetched Cart Items {{In controller}}
Wed Jul 24 2019 17:34:49 GMT+0530 (India Standard Time) - info: Recieved categories {{In service}}
Wed Jul 24 2019 17:34:49 GMT+0530 (India Standard Time) - info: Category received from {{In controller}}
Wed Jul 24 2019 17:34:49 GMT+0530 (India Standard Time) - info: All cart items fetched {{In DAO}}
Wed Jul 24 2019 17:34:49 GMT+0530 (India Standard Time) - info: Got Cart Items {{In service}}
Wed Jul 24 2019 17:34:49 GMT+0530 (India Standard Time) - info: Fetched Cart Items {{In controller}}
Wed Jul 24 2019 17:34:54 GMT+0530 (India Standard Time) - info: Recieved categories {{In service}}
Wed Jul 24 2019 17:34:54 GMT+0530 (India Standard Time) - info: Category received from {{In controller}}
Wed Jul 24 2019 17:34:56 GMT+0530 (India Standard Time) - info: All cart items fetched {{In DAO}}
Wed Jul 24 2019 17:34:56 GMT+0530 (India Standard Time) - info: Got Cart Items {{In service}}
Wed Jul 24 2019 17:34:56 GMT+0530 (India Standard Time) - info: Fetched Cart Items {{In controller}}
Wed Jul 24 2019 17:34:58 GMT+0530 (India Standard Time) - info: Recieved categories {{In service}}
Wed Jul 24 2019 17:34:58 GMT+0530 (India Standard Time) - info: Category received from {{In controller}}
Wed Jul 24 2019 17:34:59 GMT+0530 (India Standard Time) - info: All cart items fetched {{In DAO}}
Wed Jul 24 2019 17:34:59 GMT+0530 (India Standard Time) - info: Got Cart Items {{In service}}
Wed Jul 24 2019 17:34:59 GMT+0530 (India Standard Time) - info: Fetched Cart Items {{In controller}}
Wed Jul 24 2019 17:35:05 GMT+0530 (India Standard Time) - info: Recieved categories {{In service}}
Wed Jul 24 2019 17:35:05 GMT+0530 (India Standard Time) - info: Category received from {{In controller}}
Wed Jul 24 2019 17:35:05 GMT+0530 (India Standard Time) - info: All cart items fetched {{In DAO}}
Wed Jul 24 2019 17:35:05 GMT+0530 (India Standard Time) - info: Got Cart Items {{In service}}
Wed Jul 24 2019 17:35:05 GMT+0530 (India Standard Time) - info: Fetched Cart Items {{In controller}}
Wed Jul 24 2019 17:35:10 GMT+0530 (India Standard Time) - info: Recieved categories {{In service}}
Wed Jul 24 2019 17:35:10 GMT+0530 (India Standard Time) - info: Category received from {{In controller}}
Wed Jul 24 2019 17:35:10 GMT+0530 (India Standard Time) - info: All cart items fetched {{In DAO}}
Wed Jul 24 2019 17:35:10 GMT+0530 (India Standard Time) - info: Got Cart Items {{In service}}
Wed Jul 24 2019 17:35:10 GMT+0530 (India Standard Time) - info: Fetched Cart Items {{In controller}}
Wed Jul 24 2019 17:35:13 GMT+0530 (India Standard Time) - info: Recieved categories {{In service}}
Wed Jul 24 2019 17:35:13 GMT+0530 (India Standard Time) - info: Category received from {{In controller}}
Wed Jul 24 2019 17:35:14 GMT+0530 (India Standard Time) - info: All cart items fetched {{In DAO}}
Wed Jul 24 2019 17:35:14 GMT+0530 (India Standard Time) - info: Got Cart Items {{In service}}
Wed Jul 24 2019 17:35:14 GMT+0530 (India Standard Time) - info: Fetched Cart Items {{In controller}}
Wed Jul 24 2019 17:35:30 GMT+0530 (India Standard Time) - info: Recieved categories {{In service}}
Wed Jul 24 2019 17:35:30 GMT+0530 (India Standard Time) - info: Category received from {{In controller}}
Wed Jul 24 2019 17:35:32 GMT+0530 (India Standard Time) - info: All cart items fetched {{In DAO}}
Wed Jul 24 2019 17:35:32 GMT+0530 (India Standard Time) - info: Got Cart Items {{In service}}
Wed Jul 24 2019 17:35:32 GMT+0530 (India Standard Time) - info: Fetched Cart Items {{In controller}}
Wed Jul 24 2019 17:35:34 GMT+0530 (India Standard Time) - info: Recieved categories {{In service}}
Wed Jul 24 2019 17:35:34 GMT+0530 (India Standard Time) - info: Category received from {{In controller}}
Wed Jul 24 2019 17:35:34 GMT+0530 (India Standard Time) - info: All cart items fetched {{In DAO}}
Wed Jul 24 2019 17:35:34 GMT+0530 (India Standard Time) - info: Got Cart Items {{In service}}
Wed Jul 24 2019 17:35:34 GMT+0530 (India Standard Time) - info: Fetched Cart Items {{In controller}}
Wed Jul 24 2019 17:35:41 GMT+0530 (India Standard Time) - info: Recieved categories {{In service}}
Wed Jul 24 2019 17:35:41 GMT+0530 (India Standard Time) - info: Category received from {{In controller}}
Wed Jul 24 2019 17:35:41 GMT+0530 (India Standard Time) - info: All cart items fetched {{In DAO}}
Wed Jul 24 2019 17:35:41 GMT+0530 (India Standard Time) - info: Got Cart Items {{In service}}
Wed Jul 24 2019 17:35:41 GMT+0530 (India Standard Time) - info: Fetched Cart Items {{In controller}}
Wed Jul 24 2019 17:35:50 GMT+0530 (India Standard Time) - info: Recieved categories {{In service}}
Wed Jul 24 2019 17:35:50 GMT+0530 (India Standard Time) - info: Category received from {{In controller}}
Wed Jul 24 2019 17:35:51 GMT+0530 (India Standard Time) - info: All cart items fetched {{In DAO}}
Wed Jul 24 2019 17:35:51 GMT+0530 (India Standard Time) - info: Got Cart Items {{In service}}
Wed Jul 24 2019 17:35:51 GMT+0530 (India Standard Time) - info: Fetched Cart Items {{In controller}}
Wed Jul 24 2019 17:36:07 GMT+0530 (India Standard Time) - info: Recieved categories {{In service}}
Wed Jul 24 2019 17:36:07 GMT+0530 (India Standard Time) - info: Category received from {{In controller}}
Wed Jul 24 2019 17:36:08 GMT+0530 (India Standard Time) - info: All cart items fetched {{In DAO}}
Wed Jul 24 2019 17:36:08 GMT+0530 (India Standard Time) - info: Got Cart Items {{In service}}
Wed Jul 24 2019 17:36:08 GMT+0530 (India Standard Time) - info: Fetched Cart Items {{In controller}}
Wed Jul 24 2019 17:36:19 GMT+0530 (India Standard Time) - info: Recieved categories {{In service}}
Wed Jul 24 2019 17:36:19 GMT+0530 (India Standard Time) - info: Category received from {{In controller}}
Wed Jul 24 2019 17:36:20 GMT+0530 (India Standard Time) - info: All cart items fetched {{In DAO}}
Wed Jul 24 2019 17:36:20 GMT+0530 (India Standard Time) - info: Got Cart Items {{In service}}
Wed Jul 24 2019 17:36:20 GMT+0530 (India Standard Time) - info: Fetched Cart Items {{In controller}}
Wed Jul 24 2019 17:36:24 GMT+0530 (India Standard Time) - info: Recieved categories {{In service}}
Wed Jul 24 2019 17:36:24 GMT+0530 (India Standard Time) - info: Category received from {{In controller}}
Wed Jul 24 2019 17:36:25 GMT+0530 (India Standard Time) - info: All cart items fetched {{In DAO}}
Wed Jul 24 2019 17:36:25 GMT+0530 (India Standard Time) - info: Got Cart Items {{In service}}
Wed Jul 24 2019 17:36:25 GMT+0530 (India Standard Time) - info: Fetched Cart Items {{In controller}}
Wed Jul 24 2019 17:36:30 GMT+0530 (India Standard Time) - info: Recieved categories {{In service}}
Wed Jul 24 2019 17:36:30 GMT+0530 (India Standard Time) - info: Category received from {{In controller}}
Wed Jul 24 2019 17:36:30 GMT+0530 (India Standard Time) - info: All cart items fetched {{In DAO}}
Wed Jul 24 2019 17:36:30 GMT+0530 (India Standard Time) - info: Got Cart Items {{In service}}
Wed Jul 24 2019 17:36:30 GMT+0530 (India Standard Time) - info: Fetched Cart Items {{In controller}}
Wed Jul 24 2019 17:36:34 GMT+0530 (India Standard Time) - info: Recieved categories {{In service}}
Wed Jul 24 2019 17:36:34 GMT+0530 (India Standard Time) - info: Category received from {{In controller}}
Wed Jul 24 2019 17:36:35 GMT+0530 (India Standard Time) - info: All cart items fetched {{In DAO}}
Wed Jul 24 2019 17:36:35 GMT+0530 (India Standard Time) - info: Got Cart Items {{In service}}
Wed Jul 24 2019 17:36:35 GMT+0530 (India Standard Time) - info: Fetched Cart Items {{In controller}}
Wed Jul 24 2019 17:36:57 GMT+0530 (India Standard Time) - info: Recieved categories {{In service}}
Wed Jul 24 2019 17:36:57 GMT+0530 (India Standard Time) - info: Category received from {{In controller}}
Wed Jul 24 2019 17:36:57 GMT+0530 (India Standard Time) - info: All cart items fetched {{In DAO}}
Wed Jul 24 2019 17:36:57 GMT+0530 (India Standard Time) - info: Got Cart Items {{In service}}
Wed Jul 24 2019 17:36:57 GMT+0530 (India Standard Time) - info: Fetched Cart Items {{In controller}}
Wed Jul 24 2019 17:37:30 GMT+0530 (India Standard Time) - info: Recieved categories {{In service}}
Wed Jul 24 2019 17:37:30 GMT+0530 (India Standard Time) - info: Category received from {{In controller}}
Wed Jul 24 2019 17:37:31 GMT+0530 (India Standard Time) - info: All cart items fetched {{In DAO}}
Wed Jul 24 2019 17:37:31 GMT+0530 (India Standard Time) - info: Got Cart Items {{In service}}
Wed Jul 24 2019 17:37:31 GMT+0530 (India Standard Time) - info: Fetched Cart Items {{In controller}}
Wed Jul 24 2019 17:38:02 GMT+0530 (India Standard Time) - info: Recieved categories {{In service}}
Wed Jul 24 2019 17:38:02 GMT+0530 (India Standard Time) - info: Category received from {{In controller}}
Wed Jul 24 2019 17:38:03 GMT+0530 (India Standard Time) - info: All cart items fetched {{In DAO}}
Wed Jul 24 2019 17:38:03 GMT+0530 (India Standard Time) - info: Got Cart Items {{In service}}
Wed Jul 24 2019 17:38:03 GMT+0530 (India Standard Time) - info: Fetched Cart Items {{In controller}}
Wed Jul 24 2019 17:38:11 GMT+0530 (India Standard Time) - info: Recieved categories {{In service}}
Wed Jul 24 2019 17:38:11 GMT+0530 (India Standard Time) - info: Category received from {{In controller}}
Wed Jul 24 2019 17:38:11 GMT+0530 (India Standard Time) - info: All cart items fetched {{In DAO}}
Wed Jul 24 2019 17:38:11 GMT+0530 (India Standard Time) - info: Got Cart Items {{In service}}
Wed Jul 24 2019 17:38:11 GMT+0530 (India Standard Time) - info: Fetched Cart Items {{In controller}}
Wed Jul 24 2019 17:38:27 GMT+0530 (India Standard Time) - info: Recieved categories {{In service}}
Wed Jul 24 2019 17:38:27 GMT+0530 (India Standard Time) - info: Category received from {{In controller}}
Wed Jul 24 2019 17:38:27 GMT+0530 (India Standard Time) - info: All cart items fetched {{In DAO}}
Wed Jul 24 2019 17:38:27 GMT+0530 (India Standard Time) - info: Got Cart Items {{In service}}
Wed Jul 24 2019 17:38:27 GMT+0530 (India Standard Time) - info: Fetched Cart Items {{In controller}}
Wed Jul 24 2019 17:38:37 GMT+0530 (India Standard Time) - info: Recieved categories {{In service}}
Wed Jul 24 2019 17:38:37 GMT+0530 (India Standard Time) - info: Category received from {{In controller}}
Wed Jul 24 2019 17:38:37 GMT+0530 (India Standard Time) - info: All cart items fetched {{In DAO}}
Wed Jul 24 2019 17:38:37 GMT+0530 (India Standard Time) - info: Got Cart Items {{In service}}
Wed Jul 24 2019 17:38:37 GMT+0530 (India Standard Time) - info: Fetched Cart Items {{In controller}}
Wed Jul 24 2019 17:38:43 GMT+0530 (India Standard Time) - info: Recieved categories {{In service}}
Wed Jul 24 2019 17:38:43 GMT+0530 (India Standard Time) - info: Category received from {{In controller}}
Wed Jul 24 2019 17:38:43 GMT+0530 (India Standard Time) - info: All cart items fetched {{In DAO}}
Wed Jul 24 2019 17:38:43 GMT+0530 (India Standard Time) - info: Got Cart Items {{In service}}
Wed Jul 24 2019 17:38:43 GMT+0530 (India Standard Time) - info: Fetched Cart Items {{In controller}}
Wed Jul 24 2019 17:38:50 GMT+0530 (India Standard Time) - info: Recieved categories {{In service}}
Wed Jul 24 2019 17:38:50 GMT+0530 (India Standard Time) - info: Category received from {{In controller}}
Wed Jul 24 2019 17:38:51 GMT+0530 (India Standard Time) - info: All cart items fetched {{In DAO}}
Wed Jul 24 2019 17:38:51 GMT+0530 (India Standard Time) - info: Got Cart Items {{In service}}
Wed Jul 24 2019 17:38:51 GMT+0530 (India Standard Time) - info: Fetched Cart Items {{In controller}}
Wed Jul 24 2019 17:39:02 GMT+0530 (India Standard Time) - info: Recieved categories {{In service}}
Wed Jul 24 2019 17:39:02 GMT+0530 (India Standard Time) - info: Category received from {{In controller}}
Wed Jul 24 2019 17:39:03 GMT+0530 (India Standard Time) - info: All cart items fetched {{In DAO}}
Wed Jul 24 2019 17:39:03 GMT+0530 (India Standard Time) - info: Got Cart Items {{In service}}
Wed Jul 24 2019 17:39:03 GMT+0530 (India Standard Time) - info: Fetched Cart Items {{In controller}}
Wed Jul 24 2019 17:39:08 GMT+0530 (India Standard Time) - info: Recieved categories {{In service}}
Wed Jul 24 2019 17:39:08 GMT+0530 (India Standard Time) - info: Category received from {{In controller}}
Wed Jul 24 2019 17:39:09 GMT+0530 (India Standard Time) - info: All cart items fetched {{In DAO}}
Wed Jul 24 2019 17:39:09 GMT+0530 (India Standard Time) - info: Got Cart Items {{In service}}
Wed Jul 24 2019 17:39:09 GMT+0530 (India Standard Time) - info: Fetched Cart Items {{In controller}}
Wed Jul 24 2019 17:39:17 GMT+0530 (India Standard Time) - info: Recieved categories {{In service}}
Wed Jul 24 2019 17:39:17 GMT+0530 (India Standard Time) - info: Category received from {{In controller}}
Wed Jul 24 2019 17:39:18 GMT+0530 (India Standard Time) - info: All cart items fetched {{In DAO}}
Wed Jul 24 2019 17:39:18 GMT+0530 (India Standard Time) - info: Got Cart Items {{In service}}
Wed Jul 24 2019 17:39:18 GMT+0530 (India Standard Time) - info: Fetched Cart Items {{In controller}}
