Tue Jul 23 2019 10:27:23 GMT+0530 (India Standard Time) - info: Item fetched {{In service}}
Tue Jul 23 2019 10:27:23 GMT+0530 (India Standard Time) - info: Item fetched {{In controller}}
Tue Jul 23 2019 11:20:20 GMT+0530 (India Standard Time) - info: Item fetched {{In service}}
Tue Jul 23 2019 11:20:20 GMT+0530 (India Standard Time) - info: Item fetched {{In controller}}
Tue Jul 23 2019 11:20:23 GMT+0530 (India Standard Time) - info: Item fetched {{In service}}
Tue Jul 23 2019 11:20:23 GMT+0530 (India Standard Time) - info: Item fetched {{In controller}}
Tue Jul 23 2019 11:23:04 GMT+0530 (India Standard Time) - info: Recieved categories {{In service}}
Tue Jul 23 2019 11:23:04 GMT+0530 (India Standard Time) - info: Category received from {{In controller}}
Tue Jul 23 2019 11:23:10 GMT+0530 (India Standard Time) - info: Recieved categories {{In service}}
Tue Jul 23 2019 11:23:10 GMT+0530 (India Standard Time) - info: Category received from {{In controller}}
Tue Jul 23 2019 11:24:03 GMT+0530 (India Standard Time) - info: Recieved categories {{In service}}
Tue Jul 23 2019 11:24:03 GMT+0530 (India Standard Time) - info: Category received from {{In controller}}
Tue Jul 23 2019 11:25:08 GMT+0530 (India Standard Time) - info: Recieved categories {{In service}}
Tue Jul 23 2019 11:25:08 GMT+0530 (India Standard Time) - info: Category received from {{In controller}}
Tue Jul 23 2019 11:25:27 GMT+0530 (India Standard Time) - info: Recieved categories {{In service}}
Tue Jul 23 2019 11:25:27 GMT+0530 (India Standard Time) - info: Category received from {{In controller}}
Tue Jul 23 2019 11:27:36 GMT+0530 (India Standard Time) - info: Recieved categories {{In service}}
Tue Jul 23 2019 11:27:36 GMT+0530 (India Standard Time) - info: Category received from {{In controller}}
Tue Jul 23 2019 11:29:03 GMT+0530 (India Standard Time) - info: Recieved categories {{In service}}
Tue Jul 23 2019 11:29:03 GMT+0530 (India Standard Time) - info: Category received from {{In controller}}
Tue Jul 23 2019 11:29:48 GMT+0530 (India Standard Time) - info: Recieved categories {{In service}}
Tue Jul 23 2019 11:29:48 GMT+0530 (India Standard Time) - info: Category received from {{In controller}}
Tue Jul 23 2019 11:30:24 GMT+0530 (India Standard Time) - info: Recieved categories {{In service}}
Tue Jul 23 2019 11:30:24 GMT+0530 (India Standard Time) - info: Category received from {{In controller}}
Tue Jul 23 2019 11:30:32 GMT+0530 (India Standard Time) - info: Recieved categories {{In service}}
Tue Jul 23 2019 11:30:32 GMT+0530 (India Standard Time) - info: Category received from {{In controller}}
Tue Jul 23 2019 11:34:39 GMT+0530 (India Standard Time) - info: Recieved categories {{In service}}
Tue Jul 23 2019 11:34:39 GMT+0530 (India Standard Time) - info: Category received from {{In controller}}
Tue Jul 23 2019 13:11:04 GMT+0530 (India Standard Time) - error: Not Added to Cart {{In Servive}}
Tue Jul 23 2019 13:11:04 GMT+0530 (India Standard Time) - error: Item cannnot be added to cart{{In controller}}
Tue Jul 23 2019 13:11:25 GMT+0530 (India Standard Time) - error: Not Added to Cart {{In Servive}}
Tue Jul 23 2019 13:11:25 GMT+0530 (India Standard Time) - error: Item cannnot be added to cart{{In controller}}
Tue Jul 23 2019 13:12:40 GMT+0530 (India Standard Time) - error: Not Added to Cart {{In Servive}}
Tue Jul 23 2019 13:12:40 GMT+0530 (India Standard Time) - error: Item cannnot be added to cart{{In controller}}
Tue Jul 23 2019 13:13:07 GMT+0530 (India Standard Time) - error: Not Added to Cart {{In Servive}}
Tue Jul 23 2019 13:13:07 GMT+0530 (India Standard Time) - error: Item cannnot be added to cart{{In controller}}
Tue Jul 23 2019 13:13:49 GMT+0530 (India Standard Time) - error: Not Added to Cart {{In Servive}}
Tue Jul 23 2019 13:13:49 GMT+0530 (India Standard Time) - error: Item cannnot be added to cart{{In controller}}
Tue Jul 23 2019 14:35:05 GMT+0530 (India Standard Time) - error: Not Added to Cart {{In Servive}}
Tue Jul 23 2019 14:35:05 GMT+0530 (India Standard Time) - error: Item cannnot be added to cart{{In controller}}
Tue Jul 23 2019 14:36:36 GMT+0530 (India Standard Time) - error: Not Added to Cart {{In Servive}}
Tue Jul 23 2019 14:36:36 GMT+0530 (India Standard Time) - error: Item cannnot be added to cart{{In controller}}
Tue Jul 23 2019 14:38:14 GMT+0530 (India Standard Time) - error: Not Added to Cart {{In Servive}}
Tue Jul 23 2019 14:38:15 GMT+0530 (India Standard Time) - error: Item cannnot be added to cart{{In controller}}
Tue Jul 23 2019 14:38:39 GMT+0530 (India Standard Time) - error: Not Added to Cart {{In Servive}}
Tue Jul 23 2019 14:38:39 GMT+0530 (India Standard Time) - error: Item cannnot be added to cart{{In controller}}
Tue Jul 23 2019 14:41:28 GMT+0530 (India Standard Time) - info: Item added to cart {{in dao}}
Tue Jul 23 2019 14:41:28 GMT+0530 (India Standard Time) - info: Added to Cart {{In Servive}}
Tue Jul 23 2019 14:41:28 GMT+0530 (India Standard Time) - info: Item Added to cart{{In controller}}
Tue Jul 23 2019 14:42:28 GMT+0530 (India Standard Time) - info: All cart items fetched {{In DAO}}
Tue Jul 23 2019 14:42:28 GMT+0530 (India Standard Time) - info: Got Cart Items {{In service}}
Tue Jul 23 2019 14:42:28 GMT+0530 (India Standard Time) - info: Fetched Cart Items {{In controller}}
Tue Jul 23 2019 14:45:37 GMT+0530 (India Standard Time) - info: All cart items fetched {{In DAO}}
Tue Jul 23 2019 14:45:37 GMT+0530 (India Standard Time) - info: Got Cart Items {{In service}}
Tue Jul 23 2019 14:45:37 GMT+0530 (India Standard Time) - info: Fetched Cart Items {{In controller}}
Tue Jul 23 2019 14:46:11 GMT+0530 (India Standard Time) - info: Item added to cart {{in dao}}
Tue Jul 23 2019 14:46:11 GMT+0530 (India Standard Time) - info: Added to Cart {{In Servive}}
Tue Jul 23 2019 14:46:11 GMT+0530 (India Standard Time) - info: Item Added to cart{{In controller}}
Tue Jul 23 2019 14:46:18 GMT+0530 (India Standard Time) - info: All cart items fetched {{In DAO}}
Tue Jul 23 2019 14:46:18 GMT+0530 (India Standard Time) - info: Got Cart Items {{In service}}
Tue Jul 23 2019 14:46:18 GMT+0530 (India Standard Time) - info: Fetched Cart Items {{In controller}}
Tue Jul 23 2019 14:52:01 GMT+0530 (India Standard Time) - info: All cart items fetched {{In DAO}}
Tue Jul 23 2019 14:52:01 GMT+0530 (India Standard Time) - info: Got Cart Items {{In service}}
Tue Jul 23 2019 14:52:01 GMT+0530 (India Standard Time) - info: Fetched Cart Items {{In controller}}
Tue Jul 23 2019 14:59:14 GMT+0530 (India Standard Time) - info: Item added to cart {{in dao}}
Tue Jul 23 2019 14:59:14 GMT+0530 (India Standard Time) - info: Added to Cart {{In Servive}}
Tue Jul 23 2019 14:59:14 GMT+0530 (India Standard Time) - info: Item Added to cart{{In controller}}
Tue Jul 23 2019 14:59:22 GMT+0530 (India Standard Time) - error: uncaughtException: addToExistingCart is not defined
Tue Jul 23 2019 15:15:01 GMT+0530 (India Standard Time) - info: Item added to cart {{in dao}}
Tue Jul 23 2019 15:15:01 GMT+0530 (India Standard Time) - info: Added to Cart {{In Servive}}
Tue Jul 23 2019 15:15:01 GMT+0530 (India Standard Time) - info: Item Added to cart{{In controller}}
Tue Jul 23 2019 15:15:33 GMT+0530 (India Standard Time) - info: Added to Cart {{In Servive}}
Tue Jul 23 2019 15:15:33 GMT+0530 (India Standard Time) - info: Item Added to cart{{In controller}}
Tue Jul 23 2019 15:15:47 GMT+0530 (India Standard Time) - info: All cart items fetched {{In DAO}}
Tue Jul 23 2019 15:15:47 GMT+0530 (India Standard Time) - info: Got Cart Items {{In service}}
Tue Jul 23 2019 15:15:47 GMT+0530 (India Standard Time) - info: Fetched Cart Items {{In controller}}
Tue Jul 23 2019 15:17:45 GMT+0530 (India Standard Time) - info: Cart updated {{In Servive}}
Tue Jul 23 2019 15:17:45 GMT+0530 (India Standard Time) - info: Cart Updated {{In controller}}
Tue Jul 23 2019 15:17:55 GMT+0530 (India Standard Time) - info: All cart items fetched {{In DAO}}
Tue Jul 23 2019 15:17:55 GMT+0530 (India Standard Time) - info: Got Cart Items {{In service}}
Tue Jul 23 2019 15:17:55 GMT+0530 (India Standard Time) - info: Fetched Cart Items {{In controller}}
Tue Jul 23 2019 15:20:53 GMT+0530 (India Standard Time) - info: Cart updated {{In Servive}}
Tue Jul 23 2019 15:20:53 GMT+0530 (India Standard Time) - info: Cart Updated {{In controller}}
Tue Jul 23 2019 15:27:00 GMT+0530 (India Standard Time) - error: Cart not Updated {{In controller}}
Tue Jul 23 2019 15:30:24 GMT+0530 (India Standard Time) - info: Cart updated {{In Service}}
Tue Jul 23 2019 15:30:24 GMT+0530 (India Standard Time) - info: Cart Updated {{In controller}}
Tue Jul 23 2019 15:31:22 GMT+0530 (India Standard Time) - info: Cart updated {{In Service}}
Tue Jul 23 2019 15:31:22 GMT+0530 (India Standard Time) - info: Cart Updated {{In controller}}
Tue Jul 23 2019 17:20:38 GMT+0530 (India Standard Time) - info: Item ordered {{in Dao}}
Tue Jul 23 2019 17:20:38 GMT+0530 (India Standard Time) - info: Item ordered {{In Service}}
Tue Jul 23 2019 17:20:38 GMT+0530 (India Standard Time) - info: Ordered Items {{In controller}}
Tue Jul 23 2019 17:22:30 GMT+0530 (India Standard Time) - info: Item ordered {{in Dao}}
Tue Jul 23 2019 17:22:30 GMT+0530 (India Standard Time) - info: Item ordered {{In Service}}
Tue Jul 23 2019 17:22:30 GMT+0530 (India Standard Time) - info: Ordered Items {{In controller}}
Tue Jul 23 2019 17:24:49 GMT+0530 (India Standard Time) - info: Item ordered {{in Dao}}
Tue Jul 23 2019 17:24:49 GMT+0530 (India Standard Time) - info: Item ordered {{In Service}}
Tue Jul 23 2019 17:24:49 GMT+0530 (India Standard Time) - info: Ordered Items {{In controller}}
Tue Jul 23 2019 17:28:36 GMT+0530 (India Standard Time) - info: Item ordered {{in Dao}}
Tue Jul 23 2019 17:28:36 GMT+0530 (India Standard Time) - info: Item ordered {{In Service}}
Tue Jul 23 2019 17:28:36 GMT+0530 (India Standard Time) - info: Ordered Items {{In controller}}
Tue Jul 23 2019 17:44:34 GMT+0530 (India Standard Time) - info: Recieved Order of user {{In service}}
Tue Jul 23 2019 17:44:34 GMT+0530 (India Standard Time) - info: Order by Id fetched {{In controller}}
Tue Jul 23 2019 17:44:59 GMT+0530 (India Standard Time) - error: Not Recieved Order of user {{In service}}
Tue Jul 23 2019 17:44:59 GMT+0530 (India Standard Time) - error: All Orders not fetched {{In controller}}
Tue Jul 23 2019 17:46:37 GMT+0530 (India Standard Time) - info: Recieved All Orders of user {{In service}}
Tue Jul 23 2019 17:46:37 GMT+0530 (India Standard Time) - info: All Orders fetched {{In controller}}
Tue Jul 23 2019 18:52:30 GMT+0530 (India Standard Time) - error: uncaughtException: itemController is not defined
Tue Jul 23 2019 18:54:51 GMT+0530 (India Standard Time) - info: Address added {{In Dao}}
Tue Jul 23 2019 18:54:51 GMT+0530 (India Standard Time) - info: Address added {{In service}}
Tue Jul 23 2019 18:54:51 GMT+0530 (India Standard Time) - info: Address Added {{In controller}}
Tue Jul 23 2019 18:56:47 GMT+0530 (India Standard Time) - info: Recieved categories {{In service}}
Tue Jul 23 2019 18:56:47 GMT+0530 (India Standard Time) - info: Category received from {{In controller}}
Tue Jul 23 2019 18:57:30 GMT+0530 (India Standard Time) - info: Recieved categories {{In service}}
Tue Jul 23 2019 18:57:30 GMT+0530 (India Standard Time) - info: Category received from {{In controller}}
Tue Jul 23 2019 19:00:45 GMT+0530 (India Standard Time) - info: Recieved categories {{In service}}
Tue Jul 23 2019 19:00:45 GMT+0530 (India Standard Time) - info: Category received from {{In controller}}
Tue Jul 23 2019 19:02:45 GMT+0530 (India Standard Time) - info: Recieved categories {{In service}}
Tue Jul 23 2019 19:02:45 GMT+0530 (India Standard Time) - info: Category received from {{In controller}}
Tue Jul 23 2019 19:04:14 GMT+0530 (India Standard Time) - info: Recieved categories {{In service}}
Tue Jul 23 2019 19:04:14 GMT+0530 (India Standard Time) - info: Category received from {{In controller}}
Tue Jul 23 2019 19:04:33 GMT+0530 (India Standard Time) - info: Recieved categories {{In service}}
Tue Jul 23 2019 19:04:33 GMT+0530 (India Standard Time) - info: Category received from {{In controller}}
Tue Jul 23 2019 19:04:41 GMT+0530 (India Standard Time) - info: Recieved categories {{In service}}
Tue Jul 23 2019 19:04:41 GMT+0530 (India Standard Time) - info: Category received from {{In controller}}
Tue Jul 23 2019 19:04:56 GMT+0530 (India Standard Time) - info: All items by category fetched {{In DAO}}
Tue Jul 23 2019 19:04:56 GMT+0530 (India Standard Time) - info: Got Item by category{{In service}}
Tue Jul 23 2019 19:04:56 GMT+0530 (India Standard Time) - info: Items by Category fetched {{In controller}}
Tue Jul 23 2019 19:04:58 GMT+0530 (India Standard Time) - info: Item fetched {{In service}}
Tue Jul 23 2019 19:04:58 GMT+0530 (India Standard Time) - info: Item fetched {{In controller}}
Tue Jul 23 2019 19:05:03 GMT+0530 (India Standard Time) - info: Item added to cart {{in dao}}
Tue Jul 23 2019 19:05:03 GMT+0530 (India Standard Time) - info: Added to Cart {{In Service}}
Tue Jul 23 2019 19:05:03 GMT+0530 (India Standard Time) - info: Item Added to cart{{In controller}}
Tue Jul 23 2019 19:06:20 GMT+0530 (India Standard Time) - info: Recieved categories {{In service}}
Tue Jul 23 2019 19:06:20 GMT+0530 (India Standard Time) - info: Category received from {{In controller}}
Tue Jul 23 2019 19:06:20 GMT+0530 (India Standard Time) - info: Item fetched {{In service}}
Tue Jul 23 2019 19:06:20 GMT+0530 (India Standard Time) - info: Item fetched {{In controller}}
Tue Jul 23 2019 19:06:22 GMT+0530 (India Standard Time) - info: Added to Cart {{In Service}}
Tue Jul 23 2019 19:06:22 GMT+0530 (India Standard Time) - info: Item Added to cart{{In controller}}
Tue Jul 23 2019 19:06:40 GMT+0530 (India Standard Time) - info: Item added to cart {{in dao}}
Tue Jul 23 2019 19:06:40 GMT+0530 (India Standard Time) - info: Added to Cart {{In Service}}
Tue Jul 23 2019 19:06:40 GMT+0530 (India Standard Time) - info: Item Added to cart{{In controller}}
Tue Jul 23 2019 19:08:08 GMT+0530 (India Standard Time) - info: Added to Cart {{In Service}}
Tue Jul 23 2019 19:08:08 GMT+0530 (India Standard Time) - info: Item Added to cart{{In controller}}
Tue Jul 23 2019 19:13:13 GMT+0530 (India Standard Time) - info: Item added to cart {{in dao}}
Tue Jul 23 2019 19:13:13 GMT+0530 (India Standard Time) - info: Added to Cart {{In Service}}
Tue Jul 23 2019 19:13:13 GMT+0530 (India Standard Time) - info: Item Added to cart{{In controller}}
Tue Jul 23 2019 19:13:30 GMT+0530 (India Standard Time) - info: All cart items fetched {{In DAO}}
Tue Jul 23 2019 19:13:30 GMT+0530 (India Standard Time) - info: Added to Cart {{In Service}}
Tue Jul 23 2019 19:13:30 GMT+0530 (India Standard Time) - info: Item Added to cart{{In controller}}
Tue Jul 23 2019 19:14:32 GMT+0530 (India Standard Time) - info: Item added to cart {{in dao}}
Tue Jul 23 2019 19:14:32 GMT+0530 (India Standard Time) - info: Added to Cart {{In Service}}
Tue Jul 23 2019 19:14:32 GMT+0530 (India Standard Time) - info: Item Added to cart{{In controller}}
Tue Jul 23 2019 19:14:45 GMT+0530 (India Standard Time) - info: All cart items fetched {{In DAO}}
Tue Jul 23 2019 19:14:45 GMT+0530 (India Standard Time) - error: Item cannnot be added to cart{{In controller}}
Tue Jul 23 2019 19:15:56 GMT+0530 (India Standard Time) - info: Recieved categories {{In service}}
Tue Jul 23 2019 19:15:56 GMT+0530 (India Standard Time) - info: Category received from {{In controller}}
Tue Jul 23 2019 19:15:56 GMT+0530 (India Standard Time) - info: Item fetched {{In service}}
Tue Jul 23 2019 19:15:56 GMT+0530 (India Standard Time) - info: Item fetched {{In controller}}
Tue Jul 23 2019 19:17:51 GMT+0530 (India Standard Time) - info: Item fetched {{In service}}
Tue Jul 23 2019 19:17:51 GMT+0530 (India Standard Time) - info: Item fetched {{In controller}}
Tue Jul 23 2019 19:18:35 GMT+0530 (India Standard Time) - info: Recieved categories {{In service}}
Tue Jul 23 2019 19:18:35 GMT+0530 (India Standard Time) - info: Category received from {{In controller}}
Tue Jul 23 2019 19:18:36 GMT+0530 (India Standard Time) - info: Item fetched {{In service}}
Tue Jul 23 2019 19:18:36 GMT+0530 (India Standard Time) - info: Item fetched {{In controller}}
Tue Jul 23 2019 19:19:09 GMT+0530 (India Standard Time) - info: Recieved categories {{In service}}
Tue Jul 23 2019 19:19:09 GMT+0530 (India Standard Time) - info: Category received from {{In controller}}
Tue Jul 23 2019 19:19:09 GMT+0530 (India Standard Time) - info: Item fetched {{In service}}
Tue Jul 23 2019 19:19:09 GMT+0530 (India Standard Time) - info: Item fetched {{In controller}}
Tue Jul 23 2019 19:25:36 GMT+0530 (India Standard Time) - info: Recieved categories {{In service}}
Tue Jul 23 2019 19:25:36 GMT+0530 (India Standard Time) - info: Category received from {{In controller}}
Tue Jul 23 2019 19:25:36 GMT+0530 (India Standard Time) - info: Item fetched {{In service}}
Tue Jul 23 2019 19:25:36 GMT+0530 (India Standard Time) - info: Item fetched {{In controller}}
Tue Jul 23 2019 19:25:39 GMT+0530 (India Standard Time) - info: Recieved categories {{In service}}
Tue Jul 23 2019 19:25:39 GMT+0530 (India Standard Time) - info: Category received from {{In controller}}
Tue Jul 23 2019 19:25:39 GMT+0530 (India Standard Time) - info: Item fetched {{In service}}
Tue Jul 23 2019 19:25:39 GMT+0530 (India Standard Time) - info: Item fetched {{In controller}}
